<?xml version="1.0" encoding="UTF-8"?>
<!-- Generated by org.testng.reporters.JUnitReportReporter -->
<testsuite hostname="LTIN192376" failures="0" tests="2" name="testCases.TC_001_zigwheelsHome" time="16.579" errors="0" timestamp="2024-02-01T23:33:34 IST" skipped="0">
  <testcase classname="testCases.TC_001_zigwheelsHome" name="NewBikesClick" time="9.656"/>
  <testcase classname="testCases.TC_001_zigwheelsHome" name="bikeModel" time="6.923"/>
</testsuite> <!-- testCases.TC_001_zigwheelsHome -->
