<?xml version="1.0" encoding="UTF-8"?>
<!-- Generated by org.testng.reporters.JUnitReportReporter -->
<testsuite hostname="LTIN192376" failures="0" tests="7" name="testCases.TC_004_login" time="49.827" errors="0" timestamp="2024-02-14T10:55:56 IST" skipped="0">
  <testcase classname="testCases.TC_004_login" name="NewBikesClick" time="10.255"/>
  <testcase classname="testCases.TC_004_login" name="bikeModel" time="1.735"/>
  <testcase classname="testCases.TC_004_login" name="viewMoreBikes" time="0.535"/>
  <testcase classname="testCases.TC_004_login" name="detailsOfAllBikes" time="20.617"/>
  <testcase classname="testCases.TC_004_login" name="UsedCars" time="5.718"/>
  <testcase classname="testCases.TC_004_login" name="printAllPopularModel" time="5.116"/>
  <testcase classname="testCases.TC_004_login" name="login" time="5.851"/>
</testsuite> <!-- testCases.TC_004_login -->
