<?xml version="1.0" encoding="UTF-8"?>
<!-- Generated by org.testng.reporters.JUnitReportReporter -->
<testsuite hostname="LTIN192376" failures="0" tests="4" name="testCases.TC_002_newHondaBikes" time="214.190" errors="0" timestamp="2024-02-13T22:07:31 IST" skipped="0">
  <testcase classname="testCases.TC_002_newHondaBikes" name="NewBikesClick" time="11.118"/>
  <testcase classname="testCases.TC_002_newHondaBikes" name="bikeModel" time="14.662"/>
  <testcase classname="testCases.TC_002_newHondaBikes" name="viewMoreBikes" time="2.589"/>
  <testcase classname="testCases.TC_002_newHondaBikes" name="detailsOfAllBikes" time="185.821"/>
</testsuite> <!-- testCases.TC_002_newHondaBikes -->
