<?xml version="1.0" encoding="UTF-8"?>
<!-- Generated by org.testng.reporters.JUnitReportReporter -->
<testsuite hostname="LTIN192376" failures="0" tests="4" name="testCases.TC_002_newHondaBikes" time="109.190" errors="0" timestamp="2024-02-05T10:27:15 IST" skipped="0">
  <testcase classname="testCases.TC_002_newHondaBikes" name="NewBikesClick" time="69.888"/>
  <testcase classname="testCases.TC_002_newHondaBikes" name="bikeModel" time="34.206"/>
  <testcase classname="testCases.TC_002_newHondaBikes" name="viewMoreBikes" time="0.469"/>
  <testcase classname="testCases.TC_002_newHondaBikes" name="detailsOfAllBikes" time="4.627"/>
</testsuite> <!-- testCases.TC_002_newHondaBikes -->
