<?xml version="1.0" encoding="UTF-8"?>
<!-- Generated by org.testng.reporters.JUnitReportReporter -->
<testsuite hostname="LTIN192376" failures="0" tests="7" name="testCases.TC_004_login" time="87.374" errors="0" timestamp="2024-02-09T16:56:43 IST" skipped="0">
  <testcase classname="testCases.TC_004_login" name="NewBikesClick" time="42.673"/>
  <testcase classname="testCases.TC_004_login" name="bikeModel" time="2.109"/>
  <testcase classname="testCases.TC_004_login" name="viewMoreBikes" time="2.001"/>
  <testcase classname="testCases.TC_004_login" name="detailsOfAllBikes" time="14.763"/>
  <testcase classname="testCases.TC_004_login" name="UsedCars" time="11.289"/>
  <testcase classname="testCases.TC_004_login" name="printAllPopularModel" time="3.686"/>
  <testcase classname="testCases.TC_004_login" name="login" time="10.853"/>
</testsuite> <!-- testCases.TC_004_login -->
