<?xml version="1.0" encoding="UTF-8"?>
<!-- Generated by org.testng.reporters.JUnitReportReporter -->
<testsuite hostname="LTIN192376" failures="0" tests="2" name="testCases.TC_001_zigwheelsHome" time="67.870" errors="0" timestamp="2024-02-09T12:33:41 IST" skipped="0">
  <testcase classname="testCases.TC_001_zigwheelsHome" name="NewBikesClick" time="35.053"/>
  <testcase classname="testCases.TC_001_zigwheelsHome" name="bikeModel" time="32.817"/>
</testsuite> <!-- testCases.TC_001_zigwheelsHome -->
