<?xml version="1.0" encoding="UTF-8"?>
<!-- Generated by org.testng.reporters.JUnitReportReporter -->
<testsuite hostname="LTIN192376" failures="0" tests="6" name="testCases.TC_003_usedCars" time="63.032" errors="0" timestamp="2024-02-14T10:48:42 IST" skipped="0">
  <testcase classname="testCases.TC_003_usedCars" name="NewBikesClick" time="15.027"/>
  <testcase classname="testCases.TC_003_usedCars" name="bikeModel" time="2.656"/>
  <testcase classname="testCases.TC_003_usedCars" name="viewMoreBikes" time="1.429"/>
  <testcase classname="testCases.TC_003_usedCars" name="detailsOfAllBikes" time="18.501"/>
  <testcase classname="testCases.TC_003_usedCars" name="UsedCars" time="15.128"/>
  <testcase classname="testCases.TC_003_usedCars" name="printAllPopularModel" time="10.291"/>
</testsuite> <!-- testCases.TC_003_usedCars -->
