<?xml version="1.0" encoding="UTF-8"?>
<!-- Generated by org.testng.reporters.JUnitReportReporter -->
<testsuite hostname="LTIN192376" failures="0" tests="7" name="testCases.TC_004_login" time="50.588" errors="0" timestamp="2024-02-14T11:03:52 IST" skipped="0">
  <testcase classname="testCases.TC_004_login" name="NewBikesClick" time="4.943"/>
  <testcase classname="testCases.TC_004_login" name="bikeModel" time="2.907"/>
  <testcase classname="testCases.TC_004_login" name="viewMoreBikes" time="0.511"/>
  <testcase classname="testCases.TC_004_login" name="detailsOfAllBikes" time="20.747"/>
  <testcase classname="testCases.TC_004_login" name="UsedCars" time="10.414"/>
  <testcase classname="testCases.TC_004_login" name="printAllPopularModel" time="3.886"/>
  <testcase classname="testCases.TC_004_login" name="login" time="7.180"/>
</testsuite> <!-- testCases.TC_004_login -->
